2025-08-07 12:25:57,649 - WARNING - Cursor não avançou. Interrompendo para evitar loop infinito.
2025-08-07 12:25:57,650 - INFO - 3 arquivos processados para HERING.
2025-08-07 12:25:57,651 - INFO - 49 arquivos processados para GUESS.
2025-08-07 12:25:57,652 - INFO - 18 arquivos já estavam processados para HERING.
2025-08-11 08:28:40,512 - WARNING - Cursor não avançou. Interrompendo para evitar loop infinito.
2025-08-11 08:28:40,519 - INFO - 11 arquivos processados para HERING.
2025-08-11 08:28:40,520 - INFO - 59 arquivos processados para GUESS.
2025-08-11 08:28:40,521 - INFO - 21 arquivos já estavam processados para HERING.
2025-08-27 09:17:39,603 - WARNING - Cursor não avançou. Interrompendo para evitar loop infinito.
2025-08-27 09:17:39,610 - INFO - 62 arquivos processados para HERING.
2025-08-27 09:17:39,611 - INFO - 118 arquivos processados para GUESS.
2025-08-27 09:17:39,613 - INFO - 32 arquivos já estavam processados para HERING.
2025-08-27 10:19:48,714 - INFO - \u2705 118 arquivos processados para GUESS.
2025-08-27 10:27:42,948 - INFO - \u2705 118 arquivos processados para GUESS.
2025-08-27 10:28:01,407 - INFO - \u2705 118 arquivos processados para GUESS.
2025-08-27 10:29:26,154 - WARNING - Cursor não avançou. Interrompendo para evitar loop infinito.
2025-08-27 10:29:26,155 - INFO - 118 arquivos processados para GUESS.
2025-08-27 10:29:26,155 - INFO - 94 arquivos já estavam processados para HERING.
2025-08-27 10:30:37,609 - WARNING - Cursor não avançou. Interrompendo para evitar loop infinito.
2025-08-27 10:30:37,610 - INFO - 118 arquivos processados para GUESS.
2025-08-27 10:30:37,610 - INFO - 94 arquivos já estavam processados para HERING.
2025-08-27 10:31:17,457 - WARNING - Cursor não avançou. Interrompendo para evitar loop infinito.
2025-08-27 10:31:17,458 - INFO - 118 arquivos processados para GUESS.
2025-08-27 10:31:17,458 - INFO - 94 arquivos já estavam processados para HERING.
2025-08-28 06:00:19,208 - WARNING - Cursor não avançou. Interrompendo para evitar loop infinito.
2025-08-28 06:00:19,220 - INFO - 123 arquivos processados para GUESS.
2025-08-28 06:00:19,220 - INFO - 94 arquivos já estavam processados para HERING.
2025-08-29 06:00:18,115 - WARNING - Cursor não avançou. Interrompendo para evitar loop infinito.
2025-08-29 06:00:18,121 - INFO - 2 arquivos processados para HERING.
2025-08-29 06:00:18,122 - INFO - 3 arquivos processados para GUESS.
2025-08-29 06:00:18,122 - INFO - 94 arquivos já estavam processados para HERING.
2025-08-29 06:00:18,122 - INFO - 123 arquivos já estavam processados para GUESS.
2025-08-30 06:00:20,253 - WARNING - Cursor não avançou. Interrompendo para evitar loop infinito.
2025-08-30 06:00:20,259 - INFO - 4 arquivos processados para HERING.
2025-08-30 06:00:20,259 - INFO - 4 arquivos processados para GUESS.
2025-08-30 06:00:20,259 - INFO - 96 arquivos já estavam processados para HERING.
2025-08-30 06:00:20,259 - INFO - 126 arquivos já estavam processados para GUESS.
2025-08-31 06:00:19,162 - WARNING - Cursor não avançou. Interrompendo para evitar loop infinito.
2025-08-31 06:00:19,165 - INFO - 2 arquivos processados para HERING.
2025-08-31 06:00:19,166 - INFO - 4 arquivos processados para GUESS.
2025-08-31 06:00:19,166 - INFO - 100 arquivos já estavam processados para HERING.
2025-08-31 06:00:19,166 - INFO - 130 arquivos já estavam processados para GUESS.
2025-09-01 06:00:10,041 - WARNING - Cursor não avançou. Interrompendo para evitar loop infinito.
2025-09-01 06:00:10,049 - INFO - 1 arquivos processados para HERING.
2025-09-02 06:00:11,507 - WARNING - Cursor não avançou. Interrompendo para evitar loop infinito.
2025-09-02 06:00:11,512 - INFO - 4 arquivos processados para HERING.
2025-09-02 06:00:11,512 - INFO - 6 arquivos processados para GUESS.
2025-09-02 06:00:11,513 - INFO - 1 arquivos já estavam processados para HERING.
2025-09-03 06:00:09,064 - WARNING - Cursor não avançou. Interrompendo para evitar loop infinito.
2025-09-03 06:00:09,071 - INFO - 3 arquivos processados para HERING.
2025-09-03 06:00:09,071 - INFO - 4 arquivos processados para GUESS.
2025-09-03 06:00:09,072 - INFO - 5 arquivos já estavam processados para HERING.
2025-09-03 06:00:09,072 - INFO - 6 arquivos já estavam processados para GUESS.
2025-09-04 06:00:08,824 - WARNING - Cursor não avançou. Interrompendo para evitar loop infinito.
2025-09-04 06:00:08,835 - INFO - 6 arquivos processados para HERING.
2025-09-04 06:00:08,836 - INFO - 5 arquivos processados para GUESS.
2025-09-04 06:00:08,836 - INFO - 8 arquivos já estavam processados para HERING.
2025-09-04 06:00:08,836 - INFO - 10 arquivos já estavam processados para GUESS.
2025-09-05 06:00:11,638 - WARNING - Cursor não avançou. Interrompendo para evitar loop infinito.
2025-09-05 06:00:11,646 - INFO - 3 arquivos processados para HERING.
2025-09-05 06:00:11,647 - INFO - 4 arquivos processados para GUESS.
2025-09-05 06:00:11,647 - INFO - 14 arquivos já estavam processados para HERING.
2025-09-05 06:00:11,647 - INFO - 15 arquivos já estavam processados para GUESS.
2025-09-06 06:00:11,729 - WARNING - Cursor não avançou. Interrompendo para evitar loop infinito.
2025-09-06 06:00:11,736 - INFO - 2 arquivos processados para GUESS.
2025-09-06 06:00:11,736 - INFO - 17 arquivos já estavam processados para HERING.
2025-09-06 06:00:11,736 - INFO - 19 arquivos já estavam processados para GUESS.
2025-09-07 06:00:11,209 - WARNING - Cursor não avançou. Interrompendo para evitar loop infinito.
2025-09-07 06:00:11,215 - INFO - 6 arquivos processados para GUESS.
2025-09-07 06:00:11,216 - INFO - 17 arquivos já estavam processados para HERING.
2025-09-07 06:00:11,216 - INFO - 21 arquivos já estavam processados para GUESS.
2025-09-08 06:00:13,230 - WARNING - Cursor não avançou. Interrompendo para evitar loop infinito.
2025-09-08 06:00:13,236 - INFO - 17 arquivos já estavam processados para HERING.
2025-09-08 06:00:13,236 - INFO - 27 arquivos já estavam processados para GUESS.
2025-09-08 06:00:13,236 - INFO - Todos os arquivos já estavam processados anteriormente.
2025-09-09 06:00:13,433 - WARNING - Cursor não avançou. Interrompendo para evitar loop infinito.
2025-09-09 06:00:13,437 - INFO - 7 arquivos processados para HERING.
2025-09-09 06:00:13,437 - INFO - 1 arquivos processados para GUESS.
2025-09-09 06:00:13,437 - INFO - 17 arquivos já estavam processados para HERING.
2025-09-09 06:00:13,438 - INFO - 27 arquivos já estavam processados para GUESS.
2025-09-10 06:00:16,002 - WARNING - Cursor não avançou. Interrompendo para evitar loop infinito.
2025-09-10 06:00:16,019 - INFO - 4 arquivos processados para HERING.
2025-09-10 06:00:16,020 - INFO - 14 arquivos processados para GUESS.
2025-09-10 06:00:16,020 - INFO - 24 arquivos já estavam processados para HERING.
2025-09-10 06:00:16,020 - INFO - 28 arquivos já estavam processados para GUESS.
2025-09-11 06:00:15,519 - WARNING - Cursor não avançou. Interrompendo para evitar loop infinito.
2025-09-11 06:00:15,525 - INFO - 7 arquivos processados para HERING.
2025-09-11 06:00:15,526 - INFO - 16 arquivos processados para GUESS.
2025-09-11 06:00:15,526 - INFO - 28 arquivos já estavam processados para HERING.
2025-09-11 06:00:15,526 - INFO - 42 arquivos já estavam processados para GUESS.
2025-09-12 06:00:14,251 - WARNING - Cursor não avançou. Interrompendo para evitar loop infinito.
2025-09-12 06:00:14,258 - INFO - 3 arquivos processados para HERING.
2025-09-12 06:00:14,258 - INFO - 10 arquivos processados para GUESS.
2025-09-12 06:00:14,258 - INFO - 35 arquivos já estavam processados para HERING.
2025-09-12 06:00:14,258 - INFO - 58 arquivos já estavam processados para GUESS.
2025-09-13 06:00:16,743 - WARNING - Cursor não avançou. Interrompendo para evitar loop infinito.
2025-09-13 06:00:16,750 - INFO - 3 arquivos processados para HERING.
2025-09-13 06:00:16,750 - INFO - 4 arquivos processados para GUESS.
2025-09-13 06:00:16,750 - INFO - 38 arquivos já estavam processados para HERING.
2025-09-13 06:00:16,750 - INFO - 68 arquivos já estavam processados para GUESS.
2025-09-14 06:00:15,425 - WARNING - Cursor não avançou. Interrompendo para evitar loop infinito.
2025-09-14 06:00:15,432 - INFO - 3 arquivos processados para HERING.
2025-09-14 06:00:15,432 - INFO - 1 arquivos processados para GUESS.
2025-09-14 06:00:15,433 - INFO - 41 arquivos já estavam processados para HERING.
2025-09-14 06:00:15,433 - INFO - 72 arquivos já estavam processados para GUESS.
2025-09-15 06:00:16,139 - WARNING - Cursor não avançou. Interrompendo para evitar loop infinito.
2025-09-15 06:00:16,188 - INFO - 1 arquivos processados para GUESS.
2025-09-15 06:00:16,188 - INFO - 44 arquivos já estavam processados para HERING.
2025-09-15 06:00:16,188 - INFO - 73 arquivos já estavam processados para GUESS.
2025-09-16 06:00:15,933 - WARNING - Cursor não avançou. Interrompendo para evitar loop infinito.
2025-09-16 06:00:15,938 - INFO - 3 arquivos processados para HERING.
2025-09-16 06:00:15,938 - INFO - 1 arquivos processados para GUESS.
2025-09-16 06:00:15,938 - INFO - 44 arquivos já estavam processados para HERING.
2025-09-16 06:00:15,939 - INFO - 74 arquivos já estavam processados para GUESS.
2025-09-17 06:00:17,657 - WARNING - Cursor não avançou. Interrompendo para evitar loop infinito.
2025-09-17 06:00:17,663 - INFO - 20 arquivos processados para HERING.
2025-09-17 06:00:17,663 - INFO - 3 arquivos processados para GUESS.
2025-09-17 06:00:17,663 - INFO - 47 arquivos já estavam processados para HERING.
2025-09-17 06:00:17,663 - INFO - 75 arquivos já estavam processados para GUESS.
2025-09-18 06:00:18,109 - WARNING - Cursor não avançou. Interrompendo para evitar loop infinito.
2025-09-18 06:00:18,116 - INFO - 15 arquivos processados para HERING.
2025-09-18 06:00:18,116 - INFO - 6 arquivos processados para GUESS.
2025-09-18 06:00:18,117 - INFO - 67 arquivos já estavam processados para HERING.
2025-09-18 06:00:18,117 - INFO - 78 arquivos já estavam processados para GUESS.
2025-09-19 06:00:19,306 - WARNING - Cursor não avançou. Interrompendo para evitar loop infinito.
2025-09-19 06:00:19,311 - INFO - 1 arquivos processados para HERING.
2025-09-19 06:00:19,311 - INFO - 3 arquivos processados para GUESS.
2025-09-19 06:00:19,312 - INFO - 82 arquivos já estavam processados para HERING.
2025-09-19 06:00:19,312 - INFO - 84 arquivos já estavam processados para GUESS.
2025-09-20 06:00:17,931 - WARNING - Cursor não avançou. Interrompendo para evitar loop infinito.
2025-09-20 06:00:17,936 - INFO - 4 arquivos processados para HERING.
2025-09-20 06:00:17,936 - INFO - 1 arquivos processados para GUESS.
2025-09-20 06:00:17,937 - INFO - 83 arquivos já estavam processados para HERING.
2025-09-20 06:00:17,937 - INFO - 87 arquivos já estavam processados para GUESS.
2025-09-21 06:00:17,049 - WARNING - Cursor não avançou. Interrompendo para evitar loop infinito.
2025-09-21 06:00:17,055 - INFO - 3 arquivos processados para HERING.
2025-09-21 06:00:17,055 - INFO - 5 arquivos processados para GUESS.
2025-09-21 06:00:17,055 - INFO - 87 arquivos já estavam processados para HERING.
2025-09-21 06:00:17,056 - INFO - 88 arquivos já estavam processados para GUESS.
2025-09-22 06:00:16,201 - WARNING - Cursor não avançou. Interrompendo para evitar loop infinito.
2025-09-22 06:00:16,206 - INFO - 6 arquivos processados para GUESS.
2025-09-22 06:00:16,206 - INFO - 90 arquivos já estavam processados para HERING.
2025-09-22 06:00:16,206 - INFO - 88 arquivos já estavam processados para GUESS.
2025-09-23 06:00:18,800 - WARNING - Cursor não avançou. Interrompendo para evitar loop infinito.
2025-09-23 06:00:18,803 - INFO - 5 arquivos processados para HERING.
2025-09-23 06:00:18,804 - INFO - 7 arquivos processados para GUESS.
2025-09-23 06:00:18,804 - INFO - 90 arquivos já estavam processados para HERING.
2025-09-23 06:00:18,804 - INFO - 88 arquivos já estavam processados para GUESS.
2025-09-24 06:00:19,495 - WARNING - Cursor não avançou. Interrompendo para evitar loop infinito.
2025-09-24 06:00:19,499 - INFO - 4 arquivos processados para HERING.
2025-09-24 06:00:19,499 - INFO - 11 arquivos processados para GUESS.
2025-09-24 06:00:19,499 - INFO - 95 arquivos já estavam processados para HERING.
2025-09-24 06:00:19,500 - INFO - 88 arquivos já estavam processados para GUESS.
2025-09-25 06:00:20,617 - WARNING - Cursor não avançou. Interrompendo para evitar loop infinito.
2025-09-25 06:00:20,623 - INFO - 2 arquivos processados para HERING.
2025-09-25 06:00:20,623 - INFO - 13 arquivos processados para GUESS.
2025-09-25 06:00:20,624 - INFO - 99 arquivos já estavam processados para HERING.
2025-09-25 06:00:20,624 - INFO - 88 arquivos já estavam processados para GUESS.
2025-09-26 06:00:20,194 - WARNING - Cursor não avançou. Interrompendo para evitar loop infinito.
2025-09-26 06:00:20,210 - INFO - 5 arquivos processados para HERING.
2025-09-26 06:00:20,211 - INFO - 21 arquivos processados para GUESS.
2025-09-26 06:00:20,211 - INFO - 101 arquivos já estavam processados para HERING.
2025-09-26 06:00:20,211 - INFO - 88 arquivos já estavam processados para GUESS.
2025-09-27 06:02:13,539 - WARNING - Cursor não avançou. Interrompendo para evitar loop infinito.
2025-09-27 06:02:14,251 - INFO - 2 arquivos processados para HERING.
2025-09-27 06:02:14,252 - INFO - 23 arquivos processados para GUESS.
2025-09-27 06:02:14,252 - INFO - 106 arquivos já estavam processados para HERING.
2025-09-27 06:02:14,252 - INFO - 88 arquivos já estavam processados para GUESS.
2025-09-28 06:00:24,382 - WARNING - Cursor não avançou. Interrompendo para evitar loop infinito.
2025-09-28 06:00:24,388 - INFO - 2 arquivos processados para HERING.
2025-09-28 06:00:24,388 - INFO - 25 arquivos processados para GUESS.
2025-09-28 06:00:24,389 - INFO - 108 arquivos já estavam processados para HERING.
2025-09-28 06:00:24,389 - INFO - 88 arquivos já estavam processados para GUESS.
2025-09-29 06:00:24,889 - WARNING - Cursor não avançou. Interrompendo para evitar loop infinito.
2025-09-29 06:00:24,895 - INFO - 27 arquivos processados para GUESS.
2025-09-29 06:00:24,895 - INFO - 110 arquivos já estavam processados para HERING.
2025-09-29 06:00:24,895 - INFO - 88 arquivos já estavam processados para GUESS.
2025-09-30 06:00:28,927 - WARNING - Cursor não avançou. Interrompendo para evitar loop infinito.
2025-09-30 06:00:28,934 - INFO - 2 arquivos processados para HERING.
2025-09-30 06:00:28,934 - INFO - 29 arquivos processados para GUESS.
2025-09-30 06:00:28,934 - INFO - 110 arquivos já estavam processados para HERING.
2025-09-30 06:00:28,935 - INFO - 88 arquivos já estavam processados para GUESS.
2025-10-01 06:00:06,382 - WARNING - Cursor não avançou. Interrompendo para evitar loop infinito.
2025-10-01 06:00:06,386 - INFO - Todos os arquivos já estavam processados anteriormente.
2025-10-02 06:00:12,435 - WARNING - Cursor não avançou. Interrompendo para evitar loop infinito.
2025-10-02 06:00:12,440 - INFO - 10 arquivos processados para HERING.
2025-10-02 06:00:12,440 - INFO - 9 arquivos processados para GUESS.
2025-10-03 06:00:11,529 - WARNING - Cursor não avançou. Interrompendo para evitar loop infinito.
2025-10-03 06:00:11,534 - INFO - 6 arquivos processados para HERING.
2025-10-03 06:00:11,534 - INFO - 16 arquivos processados para GUESS.
2025-10-03 06:00:11,534 - INFO - 10 arquivos já estavam processados para HERING.
2025-10-04 06:00:08,109 - WARNING - Cursor não avançou. Interrompendo para evitar loop infinito.
2025-10-04 06:00:08,117 - INFO - 1 arquivos processados para HERING.
2025-10-04 06:00:08,117 - INFO - 21 arquivos processados para GUESS.
2025-10-04 06:00:08,117 - INFO - 16 arquivos já estavam processados para HERING.
2025-10-05 06:00:12,758 - WARNING - Cursor não avançou. Interrompendo para evitar loop infinito.
2025-10-05 06:00:12,767 - INFO - 1 arquivos processados para HERING.
2025-10-05 06:00:12,767 - INFO - 21 arquivos processados para GUESS.
2025-10-05 06:00:12,767 - INFO - 17 arquivos já estavam processados para HERING.
2025-10-06 06:00:13,160 - WARNING - Cursor não avançou. Interrompendo para evitar loop infinito.
2025-10-06 06:00:13,195 - INFO - 21 arquivos processados para GUESS.
2025-10-06 06:00:13,196 - INFO - 18 arquivos já estavam processados para HERING.
2025-10-07 06:00:12,219 - WARNING - Cursor não avançou. Interrompendo para evitar loop infinito.
2025-10-07 06:00:12,253 - INFO - 4 arquivos processados para HERING.
2025-10-07 06:00:12,253 - INFO - 23 arquivos processados para GUESS.
2025-10-07 06:00:12,254 - INFO - 18 arquivos já estavam processados para HERING.
2025-10-08 06:00:16,673 - WARNING - Cursor não avançou. Interrompendo para evitar loop infinito.
2025-10-08 06:00:16,681 - INFO - 11 arquivos processados para HERING.
2025-10-08 06:00:16,681 - INFO - 32 arquivos processados para GUESS.
2025-10-08 06:00:16,682 - INFO - 22 arquivos já estavam processados para HERING.
2025-10-09 06:00:14,562 - WARNING - Cursor não avançou. Interrompendo para evitar loop infinito.
2025-10-09 06:00:14,567 - INFO - 36 arquivos processados para GUESS.
2025-10-09 06:00:14,567 - INFO - 33 arquivos já estavam processados para HERING.
2025-10-10 06:00:14,459 - WARNING - Cursor não avançou. Interrompendo para evitar loop infinito.
2025-10-10 06:00:14,465 - INFO - 1 arquivos processados para HERING.
2025-10-10 06:00:14,465 - INFO - 44 arquivos processados para GUESS.
2025-10-10 06:00:14,465 - INFO - 33 arquivos já estavam processados para HERING.
2025-10-11 06:00:14,793 - WARNING - Cursor não avançou. Interrompendo para evitar loop infinito.
2025-10-11 06:00:14,801 - INFO - 4 arquivos processados para HERING.
2025-10-11 06:00:14,801 - INFO - 49 arquivos processados para GUESS.
2025-10-11 06:00:14,802 - INFO - 34 arquivos já estavam processados para HERING.
2025-10-12 06:00:11,196 - WARNING - Cursor não avançou. Interrompendo para evitar loop infinito.
2025-10-12 06:00:11,249 - INFO - 53 arquivos processados para GUESS.
2025-10-12 06:00:11,250 - INFO - 38 arquivos já estavam processados para HERING.
2025-10-13 06:00:10,906 - WARNING - Cursor não avançou. Interrompendo para evitar loop infinito.
2025-10-13 06:00:10,929 - INFO - 53 arquivos processados para GUESS.
2025-10-13 06:00:10,929 - INFO - 38 arquivos já estavam processados para HERING.
2025-10-14 06:00:11,361 - WARNING - Cursor não avançou. Interrompendo para evitar loop infinito.
2025-10-14 06:00:11,366 - INFO - 4 arquivos processados para HERING.
2025-10-14 06:00:11,366 - INFO - 3 arquivos processados para GUESS.
2025-10-14 06:00:11,366 - INFO - 38 arquivos já estavam processados para HERING.
2025-10-14 06:00:11,366 - INFO - 53 arquivos já estavam processados para GUESS.
2025-10-15 06:00:10,641 - WARNING - Cursor não avançou. Interrompendo para evitar loop infinito.
2025-10-15 06:00:10,647 - INFO - 8 arquivos processados para HERING.
2025-10-15 06:00:10,648 - INFO - 3 arquivos processados para GUESS.
2025-10-15 06:00:10,648 - INFO - 42 arquivos já estavam processados para HERING.
2025-10-15 06:00:10,648 - INFO - 56 arquivos já estavam processados para GUESS.
2025-10-16 06:00:12,200 - WARNING - Cursor não avançou. Interrompendo para evitar loop infinito.
2025-10-16 06:00:12,213 - INFO - 4 arquivos processados para HERING.
2025-10-16 06:00:12,213 - INFO - 5 arquivos processados para GUESS.
2025-10-16 06:00:12,214 - INFO - 50 arquivos já estavam processados para HERING.
2025-10-16 06:00:12,214 - INFO - 59 arquivos já estavam processados para GUESS.
2025-10-17 06:00:14,678 - WARNING - Cursor não avançou. Interrompendo para evitar loop infinito.
2025-10-17 06:00:14,683 - INFO - 2 arquivos processados para HERING.
2025-10-17 06:00:14,684 - INFO - 3 arquivos processados para GUESS.
2025-10-17 06:00:14,684 - INFO - 54 arquivos já estavam processados para HERING.
2025-10-17 06:00:14,684 - INFO - 64 arquivos já estavam processados para GUESS.
2025-10-18 06:00:12,829 - WARNING - Cursor não avançou. Interrompendo para evitar loop infinito.
2025-10-18 06:00:12,835 - INFO - 4 arquivos processados para HERING.
2025-10-18 06:00:12,835 - INFO - 8 arquivos processados para GUESS.
2025-10-18 06:00:12,835 - INFO - 56 arquivos já estavam processados para HERING.
2025-10-18 06:00:12,835 - INFO - 67 arquivos já estavam processados para GUESS.
2025-10-19 06:00:11,982 - WARNING - Cursor não avançou. Interrompendo para evitar loop infinito.
2025-10-19 06:00:11,987 - INFO - 3 arquivos processados para GUESS.
2025-10-19 06:00:11,988 - INFO - 60 arquivos já estavam processados para HERING.
2025-10-19 06:00:11,988 - INFO - 75 arquivos já estavam processados para GUESS.
2025-10-20 06:00:11,527 - WARNING - Cursor não avançou. Interrompendo para evitar loop infinito.
2025-10-20 06:00:11,535 - INFO - 1 arquivos processados para HERING.
2025-10-20 06:00:11,535 - INFO - 1 arquivos processados para GUESS.
2025-10-20 06:00:11,535 - INFO - 60 arquivos já estavam processados para HERING.
2025-10-20 06:00:11,535 - INFO - 78 arquivos já estavam processados para GUESS.
2025-10-21 06:00:12,045 - WARNING - Cursor não avançou. Interrompendo para evitar loop infinito.
2025-10-21 06:00:12,052 - INFO - 2 arquivos processados para HERING.
2025-10-21 06:00:12,053 - INFO - 5 arquivos processados para GUESS.
2025-10-21 06:00:12,053 - INFO - 61 arquivos já estavam processados para HERING.
2025-10-21 06:00:12,053 - INFO - 79 arquivos já estavam processados para GUESS.
2025-10-22 06:00:13,651 - WARNING - Cursor não avançou. Interrompendo para evitar loop infinito.
2025-10-22 06:00:13,659 - INFO - 4 arquivos processados para HERING.
2025-10-22 06:00:13,659 - INFO - 4 arquivos processados para GUESS.
2025-10-22 06:00:13,659 - INFO - 63 arquivos já estavam processados para HERING.
2025-10-22 06:00:13,659 - INFO - 84 arquivos já estavam processados para GUESS.
2025-10-23 06:00:12,596 - WARNING - Cursor não avançou. Interrompendo para evitar loop infinito.
2025-10-23 06:00:12,603 - INFO - 1 arquivos processados para HERING.
2025-10-23 06:00:12,603 - INFO - 3 arquivos processados para GUESS.
2025-10-23 06:00:12,603 - INFO - 67 arquivos já estavam processados para HERING.
2025-10-23 06:00:12,603 - INFO - 88 arquivos já estavam processados para GUESS.
2025-10-24 06:00:14,093 - WARNING - Cursor não avançou. Interrompendo para evitar loop infinito.
2025-10-24 06:00:14,100 - INFO - 2 arquivos processados para GUESS.
2025-10-24 06:00:14,101 - INFO - 68 arquivos já estavam processados para HERING.
2025-10-24 06:00:14,101 - INFO - 91 arquivos já estavam processados para GUESS.
2025-10-27 06:00:16,196 - WARNING - Cursor não avançou. Interrompendo para evitar loop infinito.
2025-10-27 06:00:16,202 - INFO - 4 arquivos processados para HERING.
2025-10-27 06:00:16,203 - INFO - 6 arquivos processados para GUESS.
2025-10-27 06:00:16,203 - INFO - 68 arquivos já estavam processados para HERING.
2025-10-27 06:00:16,203 - INFO - 93 arquivos já estavam processados para GUESS.
2025-10-28 06:00:15,467 - WARNING - Cursor não avançou. Interrompendo para evitar loop infinito.
2025-10-28 06:00:15,473 - INFO - 7 arquivos processados para GUESS.
2025-10-28 06:00:15,474 - INFO - 72 arquivos já estavam processados para HERING.
2025-10-28 06:00:15,474 - INFO - 99 arquivos já estavam processados para GUESS.
2025-10-29 06:00:15,394 - WARNING - Cursor não avançou. Interrompendo para evitar loop infinito.
2025-10-29 06:00:15,401 - INFO - 1 arquivos processados para HERING.
2025-10-29 06:00:15,401 - INFO - 5 arquivos processados para GUESS.
2025-10-29 06:00:15,401 - INFO - 72 arquivos já estavam processados para HERING.
2025-10-29 06:00:15,401 - INFO - 106 arquivos já estavam processados para GUESS.
2025-10-30 06:00:18,315 - WARNING - Cursor não avançou. Interrompendo para evitar loop infinito.
2025-10-30 06:00:18,321 - INFO - 5 arquivos processados para GUESS.
2025-10-30 06:00:18,322 - INFO - 73 arquivos já estavam processados para HERING.
2025-10-30 06:00:18,322 - INFO - 111 arquivos já estavam processados para GUESS.
2025-10-31 06:00:13,639 - WARNING - Cursor não avançou. Interrompendo para evitar loop infinito.
2025-10-31 06:00:13,644 - INFO - 5 arquivos processados para HERING.
2025-10-31 06:00:13,645 - INFO - 4 arquivos processados para GUESS.
2025-10-31 06:00:13,645 - INFO - 73 arquivos já estavam processados para HERING.
2025-10-31 06:00:13,645 - INFO - 116 arquivos já estavam processados para GUESS.
2025-11-01 06:00:05,631 - WARNING - Cursor não avançou. Interrompendo para evitar loop infinito.
2025-11-01 06:00:05,639 - INFO - 3 arquivos processados para HERING.
2025-11-02 06:00:05,975 - WARNING - Cursor não avançou. Interrompendo para evitar loop infinito.
2025-11-02 06:00:05,982 - INFO - 7 arquivos processados para GUESS.
2025-11-02 06:00:05,982 - INFO - 3 arquivos já estavam processados para HERING.
2025-11-03 06:00:06,090 - WARNING - Cursor não avançou. Interrompendo para evitar loop infinito.
2025-11-03 06:00:06,094 - INFO - 2 arquivos processados para HERING.
2025-11-03 06:00:06,094 - INFO - 5 arquivos processados para GUESS.
2025-11-03 06:00:06,095 - INFO - 3 arquivos já estavam processados para HERING.
2025-11-03 06:00:06,095 - INFO - 7 arquivos já estavam processados para GUESS.
2025-11-04 06:00:06,178 - WARNING - Cursor não avançou. Interrompendo para evitar loop infinito.
2025-11-04 06:00:06,182 - INFO - 3 arquivos processados para HERING.
2025-11-04 06:00:06,182 - INFO - 4 arquivos processados para GUESS.
2025-11-04 06:00:06,182 - INFO - 5 arquivos já estavam processados para HERING.
2025-11-04 06:00:06,182 - INFO - 12 arquivos já estavam processados para GUESS.
2025-11-05 06:00:06,556 - WARNING - Cursor não avançou. Interrompendo para evitar loop infinito.
2025-11-05 06:00:06,562 - INFO - 10 arquivos processados para HERING.
2025-11-05 06:00:06,562 - INFO - 5 arquivos processados para GUESS.
2025-11-05 06:00:06,562 - INFO - 8 arquivos já estavam processados para HERING.
2025-11-05 06:00:06,562 - INFO - 16 arquivos já estavam processados para GUESS.
2025-11-06 06:00:07,801 - WARNING - Cursor não avançou. Interrompendo para evitar loop infinito.
2025-11-06 06:00:07,808 - INFO - 4 arquivos processados para HERING.
2025-11-06 06:00:07,809 - INFO - 9 arquivos processados para GUESS.
2025-11-06 06:00:07,809 - INFO - 18 arquivos já estavam processados para HERING.
2025-11-06 06:00:07,809 - INFO - 21 arquivos já estavam processados para GUESS.
2025-11-07 06:00:07,687 - WARNING - Cursor não avançou. Interrompendo para evitar loop infinito.
2025-11-07 06:00:07,694 - INFO - 1 arquivos processados para HERING.
2025-11-07 06:00:07,695 - INFO - 4 arquivos processados para GUESS.
2025-11-07 06:00:07,695 - INFO - 22 arquivos já estavam processados para HERING.
2025-11-07 06:00:07,695 - INFO - 30 arquivos já estavam processados para GUESS.
